# JRE version: Java(TM) SE Runtime Environment (17.0.7+8) (build 17.0.7+8-LTS-224)
# Java VM: Java HotSpot(TM) 64-Bit Server VM (17.0.7+8-LTS-224, mixed mode, sharing, tiered, compressed oops, compressed class ptrs, g1 gc, windows-amd64)
GC Precious Log:
 CPUs: 12 total, 12 available
 Memory: 10062M
 Large Page Support: Disabled
 NUMA Support: Disabled
 Compressed Oops: Enabled (32-bit)
 Heap Region Size: 1M
 Heap Min Capacity: 256M
 Heap Initial Capacity: 256M
 Heap Max Capacity: 512M
 Pre-touch: Disabled
 Parallel Workers: 10
 Concurrent Workers: 3
 Concurrent Refinement Workers: 10
 Periodic GC: Disabled
Heap:
 garbage-first heap   total 262144K, used 58367K [0x00000000e0000000, 0x0000000100000000)
  region size 1024K, 18 young (18432K), 7 survivors (7168K)
 Metaspace       used 61078K, committed 61696K, reserved 270336K
  class space    used 8642K, committed 8960K, reserved 212992K
GC Heap History (18 events):
Event: 0.682 GC heap before
{Heap before GC invocations=0 (full 0):
 garbage-first heap   total 262144K, used 28672K [0x00000000e0000000, 0x0000000100000000)
  region size 1024K, 23 young (23552K), 0 survivors (0K)
 Metaspace       used 3002K, committed 3136K, reserved 221184K
  class space    used 382K, committed 448K, reserved 212992K
}
Event: 0.686 GC heap after
{Heap after GC invocations=1 (full 0):
 garbage-first heap   total 262144K, used 9129K [0x00000000e0000000, 0x0000000100000000)
  region size 1024K, 3 young (3072K), 3 survivors (3072K)
 Metaspace       used 3002K, committed 3136K, reserved 221184K
  class space    used 382K, committed 448K, reserved 212992K
}
Event: 1.046 GC heap before
{Heap before GC invocations=1 (full 0):
 garbage-first heap   total 262144K, used 38825K [0x00000000e0000000, 0x0000000100000000)
  region size 1024K, 31 young (31744K), 3 survivors (3072K)
 Metaspace       used 3949K, committed 4096K, reserved 221184K
  class space    used 478K, committed 576K, reserved 212992K
}
Event: 1.050 GC heap after
{Heap after GC invocations=2 (full 0):
 garbage-first heap   total 262144K, used 13475K [0x00000000e0000000, 0x0000000100000000)
  region size 1024K, 4 young (4096K), 4 survivors (4096K)
 Metaspace       used 3949K, committed 4096K, reserved 221184K
  class space    used 478K, committed 576K, reserved 212992K
}
Event: 3.201 GC heap before
{Heap before GC invocations=2 (full 0):
 garbage-first heap   total 262144K, used 112803K [0x00000000e0000000, 0x0000000100000000)
  region size 1024K, 102 young (104448K), 4 survivors (4096K)
 Metaspace       used 21289K, committed 21504K, reserved 237568K
  class space    used 3150K, committed 3264K, reserved 212992K
}
Event: 3.208 GC heap after
{Heap after GC invocations=3 (full 0):
 garbage-first heap   total 262144K, used 20732K [0x00000000e0000000, 0x0000000100000000)
  region size 1024K, 12 young (12288K), 12 survivors (12288K)
 Metaspace       used 21289K, committed 21504K, reserved 237568K
  class space    used 3150K, committed 3264K, reserved 212992K
}
Event: 4.924 GC heap before
{Heap before GC invocations=4 (full 0):
 garbage-first heap   total 262144K, used 130300K [0x00000000e0000000, 0x0000000100000000)
  region size 1024K, 118 young (120832K), 12 survivors (12288K)
 Metaspace       used 35631K, committed 35968K, reserved 245760K
  class space    used 4951K, committed 5120K, reserved 212992K
}
Event: 4.936 GC heap after
{Heap after GC invocations=5 (full 0):
 garbage-first heap   total 262144K, used 30851K [0x00000000e0000000, 0x0000000100000000)
  region size 1024K, 17 young (17408K), 17 survivors (17408K)
 Metaspace       used 35631K, committed 35968K, reserved 245760K
  class space    used 4951K, committed 5120K, reserved 212992K
}
Event: 4.966 GC heap before
{Heap before GC invocations=5 (full 0):
 garbage-first heap   total 262144K, used 30851K [0x00000000e0000000, 0x0000000100000000)
  region size 1024K, 18 young (18432K), 17 survivors (17408K)
 Metaspace       used 35857K, committed 36288K, reserved 245760K
  class space    used 4985K, committed 5184K, reserved 212992K
}
Event: 4.976 GC heap after
{Heap after GC invocations=6 (full 0):
 garbage-first heap   total 262144K, used 32707K [0x00000000e0000000, 0x0000000100000000)
  region size 1024K, 3 young (3072K), 3 survivors (3072K)
 Metaspace       used 35857K, committed 36288K, reserved 245760K
  class space    used 4985K, committed 5184K, reserved 212992K
}
Event: 4.988 GC heap before
{Heap before GC invocations=6 (full 0):
 garbage-first heap   total 262144K, used 32707K [0x00000000e0000000, 0x0000000100000000)
  region size 1024K, 4 young (4096K), 3 survivors (3072K)
 Metaspace       used 35949K, committed 36288K, reserved 245760K
  class space    used 5000K, committed 5184K, reserved 212992K
}
Event: 4.989 GC heap after
{Heap after GC invocations=7 (full 0):
 garbage-first heap   total 262144K, used 30803K [0x00000000e0000000, 0x0000000100000000)
  region size 1024K, 1 young (1024K), 1 survivors (1024K)
 Metaspace       used 35949K, committed 36288K, reserved 245760K
  class space    used 5000K, committed 5184K, reserved 212992K
}
Event: 6.993 GC heap before
{Heap before GC invocations=8 (full 0):
 garbage-first heap   total 262144K, used 187475K [0x00000000e0000000, 0x0000000100000000)
  region size 1024K, 153 young (156672K), 1 survivors (1024K)
 Metaspace       used 49807K, committed 50368K, reserved 262144K
  class space    used 7109K, committed 7360K, reserved 212992K
}
Event: 7.002 GC heap after
{Heap after GC invocations=9 (full 0):
 garbage-first heap   total 262144K, used 42431K [0x00000000e0000000, 0x0000000100000000)
  region size 1024K, 13 young (13312K), 13 survivors (13312K)
 Metaspace       used 49807K, committed 50368K, reserved 262144K
  class space    used 7109K, committed 7360K, reserved 212992K
}
Event: 7.028 GC heap before
{Heap before GC invocations=9 (full 0):
 garbage-first heap   total 262144K, used 42431K [0x00000000e0000000, 0x0000000100000000)
  region size 1024K, 14 young (14336K), 13 survivors (13312K)
 Metaspace       used 50003K, committed 50624K, reserved 262144K
  class space    used 7139K, committed 7424K, reserved 212992K
}
Event: 7.038 GC heap after
{Heap after GC invocations=10 (full 0):
 garbage-first heap   total 262144K, used 43620K [0x00000000e0000000, 0x0000000100000000)
  region size 1024K, 2 young (2048K), 2 survivors (2048K)
 Metaspace       used 50003K, committed 50624K, reserved 262144K
  class space    used 7139K, committed 7424K, reserved 212992K
}
Event: 8.330 GC heap before
{Heap before GC invocations=10 (full 0):
 garbage-first heap   total 262144K, used 107108K [0x00000000e0000000, 0x0000000100000000)
  region size 1024K, 65 young (66560K), 2 survivors (2048K)
 Metaspace       used 60160K, committed 60736K, reserved 270336K
  class space    used 8530K, committed 8832K, reserved 212992K
}
Event: 8.335 GC heap after
{Heap after GC invocations=11 (full 0):
 garbage-first heap   total 262144K, used 48127K [0x00000000e0000000, 0x0000000100000000)
  region size 1024K, 7 young (7168K), 7 survivors (7168K)
 Metaspace       used 60160K, committed 60736K, reserved 270336K
  class space    used 8530K, committed 8832K, reserved 212992K
}

